<?xml version="1.0" encoding="UTF-8"?>
<!-- Generated by org.testng.reporters.JUnitReportReporter -->
<testsuite hostname="elzevir-N56VB" failures="0" tests="1" name="com.pixiv.net.PixivSearchTest" time="11.064" errors="0" timestamp="2023-03-14T14:14:22 ART" skipped="0">
  <testcase classname="com.pixiv.net.PixivSearchTest" name="f" time="11.064"/>
  <system-out/>
</testsuite> <!-- com.pixiv.net.PixivSearchTest -->
