<?xml version="1.0" encoding="UTF-8"?>
<!-- Generated by org.testng.reporters.JUnitReportReporter -->
<testsuite hostname="elzevir-N56VB" failures="0" tests="1" name="com.pixiv.net.PixivSearchTest" time="24.740" errors="0" timestamp="2023-03-16T11:25:06 ART" skipped="0">
  <testcase classname="com.pixiv.net.PixivSearchTest" name="f" time="24.740"/>
</testsuite> <!-- com.pixiv.net.PixivSearchTest -->
